<?xml version="1.0" encoding="UTF-8"?>
<testsuite name="SimpleBankSystemTest" tests="1" skipped="0" failures="0" errors="0" timestamp="2020-08-25T10:59:09" hostname="DESKTOP-INL85G9" time="0.762">
  <properties/>
  <testcase name="start" classname="SimpleBankSystemTest" time="0.762"/>
  <system-out><![CDATA[?[1;31m
Start test 1?[0m
1. Create an account
2. Log into account
0. Exit
> 0
Bye!
?[1;31m
Start test 2?[0m
1. Create an account
2. Log into account
0. Exit
> 0
Bye!
?[1;31m
Start test 3?[0m
1. Create an account
2. Log into account
0. Exit
> 0
Bye!
?[1;31m
Start test 4?[0m
1. Create an account
2. Log into account
0. Exit
> 0
Bye!
?[1;31m
Start test 5?[0m
1. Create an account
2. Log into account
0. Exit
> 1
64
4
Your card has been created
Your card number:
4000002147483646
Your card PIN:
5294
1. Create an account
2. Log into account
0. Exit
> 1
64
4
Your card has been created
Your card number:
4000002147483646
Your card PIN:
0130
1. Create an account
2. Log into account
0. Exit
> 1
27
7
Your card has been created
Your card number:
4000002117516003
Your card PIN:
1058
1. Create an account
2. Log into account
0. Exit
> 1
64
4
31
1
Your card has been created
Your card number:
4000000204585279
Your card PIN:
9072
1. Create an account
2. Log into account
0. Exit
> 0
Bye!
?[1;31m
Start test 6?[0m
1. Create an account
2. Log into account
0. Exit
> 1
64
4
Your card has been created
Your card number:
4000002147483646
Your card PIN:
4968
1. Create an account
2. Log into account
0. Exit
> 2
Enter your card number
> 4000002147483646
Enter your PIN
> 4968
64
4
You have successfully logged in!
1. Balance
2. Add income
3. Do transfer
4. Close account
5. Log out
0. Exit
> 0
Bye!
?[1;31m
Start test 7?[0m
1. Create an account
2. Log into account
0. Exit
> 1
64
4
Your card has been created
Your card number:
4000002147483646
Your card PIN:
8799
1. Create an account
2. Log into account
0. Exit
> 2
Enter your card number
> 4000002147483646
Enter your PIN
> 6957
64
4
Wrong card number or PIN!
1. Create an account
2. Log into account
0. Exit
> 0
Bye!
?[1;31m
Start test 8?[0m
1. Create an account
2. Log into account
0. Exit
> 1
43
3
Your card has been created
Your card number:
4000001763421187
Your card PIN:
4805
1. Create an account
2. Log into account
0. Exit
> 2
Enter your card number
> 400000158198646
Enter your PIN
> 4805
64
4
Wrong card number or PIN!
1. Create an account
2. Log into account
0. Exit
> 0
Bye!
?[1;31m
Start test 9?[0m
1. Create an account
2. Log into account
0. Exit
> 1
64
4
Your card has been created
Your card number:
4000002147483646
Your card PIN:
6408
1. Create an account
2. Log into account
0. Exit
> 2
Enter your card number
> 4000002147483646
Enter your PIN
> 6408
64
4
You have successfully logged in!
1. Balance
2. Add income
3. Do transfer
4. Close account
5. Log out
0. Exit
> 1
Balance: 0
1. Balance
2. Add income
3. Do transfer
4. Close account
5. Log out
0. Exit
> 0
Bye!
?[1;31m
Start test 10?[0m
1. Create an account
2. Log into account
0. Exit
> 1
64
4
Your card has been created
Your card number:
4000002147483646
Your card PIN:
3854
1. Create an account
2. Log into account
0. Exit
> 2
Enter your card number
> 4000002147483646
Enter your PIN
> 3854
64
4
You have successfully logged in!
1. Balance
2. Add income
3. Do transfer
4. Close account
5. Log out
0. Exit
> 2
Enter income: 
> 10000
Income was added!
1. Balance
2. Add income
3. Do transfer
4. Close account
5. Log out
0. Exit
> 2
Enter income: 
> 15000
Income was added!
1. Balance
2. Add income
3. Do transfer
4. Close account
5. Log out
0. Exit
> 0
Bye!
?[1;31m
Start test 11?[0m
1. Create an account
2. Log into account
0. Exit
> 1
64
4
Your card has been created
Your card number:
4000002147483646
Your card PIN:
8518
1. Create an account
2. Log into account
0. Exit
> 2
Enter your card number
> 4000002147483646
Enter your PIN
> 8518
64
4
You have successfully logged in!
1. Balance
2. Add income
3. Do transfer
4. Close account
5. Log out
0. Exit
> 4
The account has been closed!
1. Create an account
2. Log into account
0. Exit
> 0
Bye!
]]></system-out>
  <system-err><![CDATA[]]></system-err>
</testsuite>
